<?xml version="1.0" encoding="UTF-8"?>
<testng-results skipped="0" failed="0" total="1" passed="1">
  <reporter-output>
  </reporter-output>
  <suite name="Demo Suite" duration-ms="16296" started-at="2017-08-21T04:17:51Z" finished-at="2017-08-21T04:18:07Z">
    <groups>
      <group name="smoke">
        <method signature="ApplicationSolutionsPageTest.verifyButtonTextValuesUnderDrilling(java.lang.String, java.lang.String, java.lang.String, java.lang.String)[pri:0, instance:com.demo.test.ApplicationSolutionsPageTest@55f3ddb1]" name="verifyButtonTextValuesUnderDrilling" class="com.demo.test.ApplicationSolutionsPageTest"/>
      </group> <!-- smoke -->
    </groups>
    <test name="verifyButtonTextValuesUnderDrilling" duration-ms="16296" started-at="2017-08-21T04:17:51Z" finished-at="2017-08-21T04:18:07Z">
      <class name="com.demo.test.ApplicationSolutionsPageTest">
        <test-method status="PASS" signature="Setup()[pri:0, instance:com.demo.test.ApplicationSolutionsPageTest@55f3ddb1]" name="Setup" is-config="true" duration-ms="11947" started-at="2017-08-20T23:17:51Z" finished-at="2017-08-20T23:18:03Z">
          <reporter-output>
          </reporter-output>
        </test-method> <!-- Setup -->
        <test-method status="PASS" signature="verifyButtonTextValuesUnderDrilling(java.lang.String, java.lang.String, java.lang.String, java.lang.String)[pri:0, instance:com.demo.test.ApplicationSolutionsPageTest@55f3ddb1]" name="verifyButtonTextValuesUnderDrilling" duration-ms="1202" started-at="2017-08-20T23:18:03Z" finished-at="2017-08-20T23:18:04Z">
          <params>
            <param index="0">
              <value>
                <![CDATA[WOOD]]>
              </value>
            </param>
            <param index="1">
              <value>
                <![CDATA[METAL]]>
              </value>
            </param>
            <param index="2">
              <value>
                <![CDATA[MASONRY]]>
              </value>
            </param>
            <param index="3">
              <value>
                <![CDATA[CONCRETE]]>
              </value>
            </param>
          </params>
          <reporter-output>
          </reporter-output>
        </test-method> <!-- verifyButtonTextValuesUnderDrilling -->
        <test-method status="PASS" signature="tearDown()[pri:0, instance:com.demo.test.ApplicationSolutionsPageTest@55f3ddb1]" name="tearDown" is-config="true" duration-ms="2265" started-at="2017-08-20T23:18:05Z" finished-at="2017-08-20T23:18:07Z">
          <reporter-output>
          </reporter-output>
        </test-method> <!-- tearDown -->
      </class> <!-- com.demo.test.ApplicationSolutionsPageTest -->
    </test> <!-- verifyButtonTextValuesUnderDrilling -->
  </suite> <!-- Demo Suite -->
</testng-results>
