<?xml version="1.0" encoding="UTF-8"?>
<!-- Generated by org.testng.reporters.JUnitXMLReporter -->
<testsuite hostname="W2012R2" name="Default test" tests="2" failures="0" timestamp="21 Aug 2017 02:00:19 GMT" time="14.975" errors="0">
  <testcase name="verifyButtonTextValuesUnderDrilling" time="0.71" classname="com.demo.test.ApplicationSolutionsPageTest"/>
  <testcase name="verifyDrillingTileFlipsWhenHoverOver" time="0.271" classname="com.demo.test.ApplicationSolutionsPageTest"/>
</testsuite> <!-- Default test -->
